#
# There is insufficient memory for the Java Runtime Environment to continue.
# Native memory allocation (malloc) failed to allocate 32744 bytes for ChunkPool::allocate
# Possible reasons:
#   The system is out of physical RAM or swap space
#   The process is running with CompressedOops enabled, and the Java Heap may be blocking the growth of the native heap
# Possible solutions:
#   Reduce memory load on the system
#   Increase physical memory or swap space
#   Check if swap backing store is full
#   Decrease Java heap size (-Xmx/-Xms)
#   Decrease number of Java threads
#   Decrease Java thread stack sizes (-Xss)
#   Set larger code cache with -XX:ReservedCodeCacheSize=
#   JVM is running with Zero Based Compressed Oops mode in which the Java heap is
#     placed in the first 32GB address space. The Java Heap base address is the
#     maximum limit for the native heap growth. Please use -XX:HeapBaseMinAddress
#     to set the Java Heap base and to place the Java Heap above 32GB virtual address.
# This output file may be truncated or incomplete.
#
#  Out of Memory Error (allocation.cpp:272), pid=65724, tid=0x000000000000fc68
#
# JRE version: OpenJDK Runtime Environment (8.0) (build 1.8.0-25-microsoft-b00)
# Java VM: OpenJDK 64-Bit Server VM (25.71-b00 mixed mode windows-amd64 compressed oops)
# Failed to write core dump. Minidumps are not enabled by default on client versions of Windows
#

---------------  T H R E A D  ---------------

Current thread (0x0000000003453800):  JavaThread "main" [_thread_in_vm, id=64616, stack(0x0000000003330000,0x0000000003430000)]

Stack: [0x0000000003330000,0x0000000003430000]
[error occurred during error reporting (printing stack bounds), id 0xc0000005]

Native frames: (J=compiled Java code, j=interpreted, Vv=VM code, C=native code)

Java frames: (J=compiled Java code, j=interpreted, Vv=VM code)
j  sun.misc.Unsafe.defineAnonymousClass(Ljava/lang/Class;[B[Ljava/lang/Object;)Ljava/lang/Class;+0
j  java.lang.invoke.InvokerBytecodeGenerator.loadAndInitializeInvokerClass([B[Ljava/lang/Object;)Ljava/lang/Class;+8
j  java.lang.invoke.InvokerBytecodeGenerator.loadMethod([B)Ljava/lang/invoke/MemberName;+6
j  java.lang.invoke.InvokerBytecodeGenerator.generateCustomizedCode(Ljava/lang/invoke/LambdaForm;Ljava/lang/invoke/MethodType;)Ljava/lang/invoke/MemberName;+17
j  java.lang.invoke.LambdaForm.compileToBytecode()Ljava/lang/invoke/MemberName;+65
j  java.lang.invoke.LambdaForm.prepare()V+14
j  java.lang.invoke.MethodHandle.<init>(Ljava/lang/invoke/MethodType;Ljava/lang/invoke/LambdaForm;)V+31
j  java.lang.invoke.BoundMethodHandle.<init>(Ljava/lang/invoke/MethodType;Ljava/lang/invoke/LambdaForm;)V+3
j  java.lang.invoke.BoundMethodHandle$Species_L.<init>(Ljava/lang/invoke/MethodType;Ljava/lang/invoke/LambdaForm;Ljava/lang/Object;)V+3
j  java.lang.invoke.BoundMethodHandle$Species_L.make(Ljava/lang/invoke/MethodType;Ljava/lang/invoke/LambdaForm;Ljava/lang/Object;)Ljava/lang/invoke/BoundMethodHandle;+7
j  java.lang.invoke.BoundMethodHandle.makeReinvoker(Ljava/lang/invoke/MethodHandle;)Ljava/lang/invoke/BoundMethodHandle;+23
j  java.lang.invoke.DirectMethodHandle.rebind()Ljava/lang/invoke/BoundMethodHandle;+1
j  java.lang.invoke.MethodHandle.asCollector(Ljava/lang/Class;I)Ljava/lang/invoke/MethodHandle;+18
j  java.lang.invoke.MethodHandleImpl$AsVarargsCollector.<init>(Ljava/lang/invoke/MethodType;Ljava/lang/invoke/MethodHandle;Ljava/lang/Class;)V+20
j  java.lang.invoke.MethodHandleImpl$AsVarargsCollector.<init>(Ljava/lang/invoke/MethodHandle;Ljava/lang/Class;)V+7
j  java.lang.invoke.MethodHandleImpl.makeVarargsCollector(Ljava/lang/invoke/MethodHandle;Ljava/lang/Class;)Ljava/lang/invoke/MethodHandle;+43
j  java.lang.invoke.MethodHandle.setVarargs(Ljava/lang/invoke/MemberName;)Ljava/lang/invoke/MethodHandle;+26
j  java.lang.invoke.MethodHandles$Lookup.getDirectMethodCommon(BLjava/lang/Class;Ljava/lang/invoke/MemberName;ZZLjava/lang/Class;)Ljava/lang/invoke/MethodHandle;+263
j  java.lang.invoke.MethodHandles$Lookup.getDirectMethod(BLjava/lang/Class;Ljava/lang/invoke/MemberName;Ljava/lang/Class;)Ljava/lang/invoke/MethodHandle;+8
j  java.lang.invoke.MethodHandles$Lookup.findStatic(Ljava/lang/Class;Ljava/lang/String;Ljava/lang/invoke/MethodType;)Ljava/lang/invoke/MethodHandle;+23
j  java.lang.invoke.MethodHandleImpl$Lazy.<clinit>()V+230
v  ~StubRoutines::call_stub
j  java.lang.invoke.MethodHandleImpl.varargsArray(I)Ljava/lang/invoke/MethodHandle;+0
j  java.lang.invoke.MethodHandleImpl.varargsArray(Ljava/lang/Class;I)Ljava/lang/invoke/MethodHandle;+121
j  java.lang.invoke.MethodHandle.asCollector(Ljava/lang/Class;I)Ljava/lang/invoke/MethodHandle;+36
j  java.lang.invoke.MethodHandleImpl$AsVarargsCollector.<init>(Ljava/lang/invoke/MethodType;Ljava/lang/invoke/MethodHandle;Ljava/lang/Class;)V+20
j  java.lang.invoke.MethodHandleImpl$AsVarargsCollector.<init>(Ljava/lang/invoke/MethodHandle;Ljava/lang/Class;)V+7
j  java.lang.invoke.MethodHandleImpl.makeVarargsCollector(Ljava/lang/invoke/MethodHandle;Ljava/lang/Class;)Ljava/lang/invoke/MethodHandle;+43
j  java.lang.invoke.MethodHandle.setVarargs(Ljava/lang/invoke/MemberName;)Ljava/lang/invoke/MethodHandle;+26
j  java.lang.invoke.MethodHandles$Lookup.getDirectMethodCommon(BLjava/lang/Class;Ljava/lang/invoke/MemberName;ZZLjava/lang/Class;)Ljava/lang/invoke/MethodHandle;+263
j  java.lang.invoke.MethodHandles$Lookup.getDirectMethod(BLjava/lang/Class;Ljava/lang/invoke/MemberName;Ljava/lang/Class;)Ljava/lang/invoke/MethodHandle;+8
j  java.lang.invoke.MethodHandles$Lookup.findStatic(Ljava/lang/Class;Ljava/lang/String;Ljava/lang/invoke/MethodType;)Ljava/lang/invoke/MethodHandle;+23
j  java.lang.invoke.CallSite.<clinit>()V+35
v  ~StubRoutines::call_stub
j  java.lang.invoke.MethodHandleNatives.linkCallSiteImpl(Ljava/lang/Class;Ljava/lang/invoke/MethodHandle;Ljava/lang/String;Ljava/lang/invoke/MethodType;Ljava/lang/Object;[Ljava/lang/Object;)Ljava/lang/invoke/MemberName;+6
j  java.lang.invoke.MethodHandleNatives.linkCallSite(Ljava/lang/Object;Ljava/lang/Object;Ljava/lang/Object;Ljava/lang/Object;Ljava/lang/Object;[Ljava/lang/Object;)Ljava/lang/invoke/MemberName;+45
v  ~StubRoutines::call_stub
j  com.android.sdklib.tool.sdkmanager.InstallAction.register(Ljava/util/Map;)V+3
j  com.android.sdklib.tool.sdkmanager.SdkManagerCliSettings.<clinit>()V+13
v  ~StubRoutines::call_stub
j  com.android.sdklib.tool.sdkmanager.SdkManagerCli.main(Ljava/util/List;)V+12
j  com.android.sdklib.tool.sdkmanager.SdkManagerCli.main([Ljava/lang/String;)V+4
v  ~StubRoutines::call_stub

---------------  P R O C E S S  ---------------

Java Threads: ( => current thread )
  0x00000000284b2800 JavaThread "Service Thread" daemon [_thread_blocked, id=51836, stack(0x00000000290f0000,0x00000000291f0000)]
  0x0000000028457800 JavaThread "C1 CompilerThread3" daemon [_thread_blocked, id=58508, stack(0x0000000028ff0000,0x00000000290f0000)]
  0x0000000028421800 JavaThread "C2 CompilerThread2" daemon [_thread_blocked, id=49544, stack(0x0000000028ef0000,0x0000000028ff0000)]
  0x0000000028415000 JavaThread "C2 CompilerThread1" daemon [_thread_blocked, id=84400, stack(0x0000000028df0000,0x0000000028ef0000)]
  0x000000002840c800 JavaThread "C2 CompilerThread0" daemon [_thread_blocked, id=63372, stack(0x0000000028cf0000,0x0000000028df0000)]
  0x000000002840b000 JavaThread "Attach Listener" daemon [_thread_blocked, id=26692, stack(0x0000000028bf0000,0x0000000028cf0000)]
  0x0000000028409800 JavaThread "Signal Dispatcher" daemon [_thread_blocked, id=23324, stack(0x0000000028af0000,0x0000000028bf0000)]
  0x0000000028400800 JavaThread "Finalizer" daemon [_thread_blocked, id=5460, stack(0x00000000288e0000,0x00000000289e0000)]
  0x000000002660c000 JavaThread "Reference Handler" daemon [_thread_blocked, id=65292, stack(0x00000000287e0000,0x00000000288e0000)]
=>0x0000000003453800 JavaThread "main" [_thread_in_vm, id=64616, stack(0x0000000003330000,0x0000000003430000)]

Other Threads:
  0x0000000026608000 VMThread [stack: 0x00000000282e0000,0x00000000283e0000] [id=52660]
  0x00000000284b3800 WatcherThread [stack: 0x00000000291f0000,0x00000000292f0000] [id=48144]

VM state:not at safepoint (normal execution)

VM Mutex/Monitor currently owned by a thread: None

heap address: 0x00000005c0a00000, size: 8182 MB, Compressed Oops mode: Zero based, Oop shift amount: 3
Narrow klass base: 0x0000000000000000, Narrow klass shift: 3
Compressed class space size: 1073741824 Address: 0x00000007c0000000

Heap:
 PSYoungGen      total 153088K, used 5263K [0x0000000715900000, 0x0000000720380000, 0x00000007c0000000)
  eden space 131584K, 4% used [0x0000000715900000,0x0000000715e23d98,0x000000071d980000)
  from space 21504K, 0% used [0x000000071ee80000,0x000000071ee80000,0x0000000720380000)
  to   space 21504K, 0% used [0x000000071d980000,0x000000071d980000,0x000000071ee80000)
 ParOldGen       total 349696K, used 0K [0x00000005c0a00000, 0x00000005d5f80000, 0x0000000715900000)
  object space 349696K, 0% used [0x00000005c0a00000,0x00000005c0a00000,0x00000005d5f80000)
 Metaspace       used 3845K, capacity 4778K, committed 4864K, reserved 1056768K
  class space    used 408K, capacity 481K, committed 512K, reserved 1048576K

Card table byte_map: [0x0000000012920000,0x0000000013920000] byte_map_base: 0x000000000fb1b000

Marking Bits: (ParMarkBitMap*) 0x00000000535c8f30
 Begin Bits: [0x0000000014bd0000, 0x000000001cba8000)
 End Bits:   [0x000000001cba8000, 0x0000000024b80000)

Polling page: 0x0000000002e00000

CodeCache: size=245760Kb used=1454Kb max_used=1466Kb free=244305Kb
 bounds [0x0000000003560000, 0x00000000037d0000, 0x0000000012560000]
 total_blobs=477 nmethods=217 adapters=174
 compilation: enabled

Compilation events (10 events):
Event: 1.933 Thread 0x0000000028457800 nmethod 192 0x00000000036b65d0 code [0x00000000036b6740, 0x00000000036b6968]
Event: 1.933 Thread 0x0000000028457800  194       3       java.lang.invoke.InvokerBytecodeGenerator::isStaticallyNameable (116 bytes)
Event: 1.933 Thread 0x000000002840c800  195       4       java.lang.AbstractStringBuilder::ensureCapacityInternal (27 bytes)
Event: 1.935 Thread 0x0000000028457800 nmethod 194 0x00000000036b6e90 code [0x00000000036b7200, 0x00000000036b9338]
Event: 1.935 Thread 0x0000000028457800  197       3       jdk.internal.org.objectweb.asm.Item::isEqualTo (354 bytes)
Event: 1.935 Thread 0x0000000028457800 nmethod 197 0x00000000036ba5d0 code [0x00000000036ba800, 0x00000000036bb508]
Event: 1.936 Thread 0x0000000028457800  199       3       jdk.internal.org.objectweb.asm.Frame::execute (2252 bytes)
Event: 1.937 Thread 0x000000002840c800 nmethod 195 0x00000000036bea90 code [0x00000000036bebe0, 0x00000000036beec8]
Event: 1.939 Thread 0x0000000028415000  211       4       jdk.internal.org.objectweb.asm.ByteVector::putUTF8 (142 bytes)
Event: 1.944 Thread 0x0000000028421800  217  s    4       java.lang.StringBuffer::append (13 bytes)

GC Heap History (0 events):
No events

Deoptimization events (0 events):
No events

Classes redefined (0 events):
No events

Internal exceptions (10 events):
Event: 1.000 Thread 0x0000000003453800 Exception <a 'java/security/PrivilegedActionException'> (0x0000000715992a68) thrown at [D:\j\worksp~1\openjd~3\jdk8u\hotspot\src\share\vm\prims\jvm.cpp, line 1508]
Event: 1.000 Thread 0x0000000003453800 Exception <a 'java/security/PrivilegedActionException'> (0x0000000715992c78) thrown at [D:\j\worksp~1\openjd~3\jdk8u\hotspot\src\share\vm\prims\jvm.cpp, line 1508]
Event: 1.032 Thread 0x0000000003453800 Exception <a 'java/security/PrivilegedActionException'> (0x000000071599a580) thrown at [D:\j\worksp~1\openjd~3\jdk8u\hotspot\src\share\vm\prims\jvm.cpp, line 1508]
Event: 1.032 Thread 0x0000000003453800 Exception <a 'java/security/PrivilegedActionException'> (0x000000071599a790) thrown at [D:\j\worksp~1\openjd~3\jdk8u\hotspot\src\share\vm\prims\jvm.cpp, line 1508]
Event: 1.043 Thread 0x0000000003453800 Exception <a 'java/security/PrivilegedActionException'> (0x000000071599cbc8) thrown at [D:\j\worksp~1\openjd~3\jdk8u\hotspot\src\share\vm\prims\jvm.cpp, line 1508]
Event: 1.043 Thread 0x0000000003453800 Exception <a 'java/security/PrivilegedActionException'> (0x000000071599cdd8) thrown at [D:\j\worksp~1\openjd~3\jdk8u\hotspot\src\share\vm\prims\jvm.cpp, line 1508]
Event: 1.518 Thread 0x0000000003453800 Exception <a 'java/security/PrivilegedActionException'> (0x00000007159c1810) thrown at [D:\j\worksp~1\openjd~3\jdk8u\hotspot\src\share\vm\prims\jvm.cpp, line 1508]
Event: 1.518 Thread 0x0000000003453800 Exception <a 'java/security/PrivilegedActionException'> (0x00000007159c1a20) thrown at [D:\j\worksp~1\openjd~3\jdk8u\hotspot\src\share\vm\prims\jvm.cpp, line 1508]
Event: 1.939 Thread 0x0000000003453800 Exception <a 'java/lang/NoSuchFieldError': method resolution failed> (0x0000000715b25270) thrown at [D:\j\worksp~1\openjd~3\jdk8u\hotspot\src\share\vm\prims\methodHandles.cpp, line 1167]
Event: 1.942 Thread 0x0000000003453800 Exception <a 'java/lang/NoSuchFieldError': method resolution failed> (0x0000000715b32670) thrown at [D:\j\worksp~1\openjd~3\jdk8u\hotspot\src\share\vm\prims\methodHandles.cpp, line 1167]

Events (10 events):
Event: 1.915 loading class java/lang/invoke/WrongMethodTypeException
Event: 1.915 loading class java/lang/invoke/WrongMethodTypeException done
Event: 1.918 loading class java/lang/invoke/MethodHandleImpl$Lazy
Event: 1.918 loading class java/lang/invoke/MethodHandleImpl$Lazy done
Event: 1.919 loading class java/lang/invoke/MethodHandleImpl$IntrinsicMethodHandle
Event: 1.919 loading class java/lang/invoke/MethodHandleImpl$IntrinsicMethodHandle done
Event: 1.939 loading class java/lang/NoSuchFieldError
Event: 1.939 loading class java/lang/NoSuchFieldError done
Event: 1.940 loading class java/lang/IllegalAccessException
Event: 1.940 loading class java/lang/IllegalAccessException done


Dynamic libraries:
0x00007ff7f5b90000 - 0x00007ff7f5bc5000 	C:\Program Files\Android\jdk\microsoft_dist_openjdk_1.8.0.25\bin\java.exe
0x00007fffed890000 - 0x00007fffeda7d000 	C:\WINDOWS\SYSTEM32\ntdll.dll
0x00007fffeaab0000 - 0x00007fffeab63000 	C:\WINDOWS\System32\KERNEL32.DLL
0x00007fffe9ad0000 - 0x00007fffe9d65000 	C:\WINDOWS\System32\KERNELBASE.dll
0x00007fffece50000 - 0x00007fffecef3000 	C:\WINDOWS\System32\ADVAPI32.dll
0x00007fffecf90000 - 0x00007fffed02e000 	C:\WINDOWS\System32\msvcrt.dll
0x00007fffed630000 - 0x00007fffed6ce000 	C:\WINDOWS\System32\sechost.dll
0x00007fffed730000 - 0x00007fffed852000 	C:\WINDOWS\System32\RPCRT4.dll
0x00007fffeb510000 - 0x00007fffeb6a7000 	C:\WINDOWS\System32\USER32.dll
0x00007fffe9d70000 - 0x00007fffe9d90000 	C:\WINDOWS\System32\win32u.dll
0x00007fffed600000 - 0x00007fffed629000 	C:\WINDOWS\System32\GDI32.dll
0x00007fffea1c0000 - 0x00007fffea359000 	C:\WINDOWS\System32\gdi32full.dll
0x00007fffea120000 - 0x00007fffea1c0000 	C:\WINDOWS\System32\msvcp_win.dll
0x00007fffe9950000 - 0x00007fffe9a4a000 	C:\WINDOWS\System32\ucrtbase.dll
0x00007fffe84e0000 - 0x00007fffe8759000 	C:\WINDOWS\WinSxS\amd64_microsoft.windows.common-controls_6595b64144ccf1df_6.0.17763.1158_none_de722d88534a897f\COMCTL32.dll
0x00007fffed1c0000 - 0x00007fffed4ec000 	C:\WINDOWS\System32\combase.dll
0x00007fffe9d90000 - 0x00007fffe9e0e000 	C:\WINDOWS\System32\bcryptPrimitives.dll
0x00007fffed180000 - 0x00007fffed1ae000 	C:\WINDOWS\System32\IMM32.DLL
0x00007fffbc660000 - 0x00007fffbc712000 	C:\Program Files\McAfee\Endpoint Security\Threat Prevention\Ips\EpMPApi.dll
0x00007fffea0c0000 - 0x00007fffea119000 	C:\WINDOWS\System32\WINTRUST.dll
0x00007fffe9880000 - 0x00007fffe9892000 	C:\WINDOWS\System32\MSASN1.dll
0x00007fffe9e10000 - 0x00007fffe9fec000 	C:\WINDOWS\System32\CRYPT32.dll
0x0000000055e70000 - 0x0000000055e7c000 	C:\Program Files\McAfee\Endpoint Security\Threat Prevention\Ips\EpMPThe.dll
0x00007fffce960000 - 0x00007fffce99a000 	C:\Program Files\McAfee\Endpoint Security\Threat Prevention\Ips\HIPHandlers64.dll
0x00007fffeb840000 - 0x00007fffeb892000 	C:\WINDOWS\System32\SHLWAPI.dll
0x0000000054590000 - 0x0000000054661000 	C:\Program Files\Android\jdk\microsoft_dist_openjdk_1.8.0.25\jre\bin\msvcr100.dll
0x0000000052e00000 - 0x0000000053645000 	C:\Program Files\Android\jdk\microsoft_dist_openjdk_1.8.0.25\jre\bin\server\jvm.dll
0x00007fffe1740000 - 0x00007fffe1764000 	C:\WINDOWS\SYSTEM32\WINMM.dll
0x00007fffe3f90000 - 0x00007fffe3f9a000 	C:\WINDOWS\SYSTEM32\VERSION.dll
0x00007fffbe540000 - 0x00007fffbe549000 	C:\WINDOWS\SYSTEM32\WSOCK32.dll
0x00007fffeb500000 - 0x00007fffeb508000 	C:\WINDOWS\System32\PSAPI.DLL
0x00007fffed0b0000 - 0x00007fffed11d000 	C:\WINDOWS\System32\WS2_32.dll
0x00007fffdfe20000 - 0x00007fffdfe4d000 	C:\WINDOWS\SYSTEM32\winmmbase.dll
0x00007fffe9a50000 - 0x00007fffe9a9a000 	C:\WINDOWS\System32\cfgmgr32.dll
0x00007fffe5000000 - 0x00007fffe500f000 	C:\Program Files\Android\jdk\microsoft_dist_openjdk_1.8.0.25\jre\bin\verify.dll
0x00007fffdee60000 - 0x00007fffdee89000 	C:\Program Files\Android\jdk\microsoft_dist_openjdk_1.8.0.25\jre\bin\java.dll
0x00007fffdec80000 - 0x00007fffdec96000 	C:\Program Files\Android\jdk\microsoft_dist_openjdk_1.8.0.25\jre\bin\zip.dll
0x00007fffeb950000 - 0x00007fffece44000 	C:\WINDOWS\System32\SHELL32.dll
0x00007fffeb8a0000 - 0x00007fffeb948000 	C:\WINDOWS\System32\shcore.dll
0x00007fffea360000 - 0x00007fffeaaad000 	C:\WINDOWS\System32\windows.storage.dll
0x00007fffe98a0000 - 0x00007fffe98c4000 	C:\WINDOWS\System32\profapi.dll
0x00007fffe98d0000 - 0x00007fffe992d000 	C:\WINDOWS\System32\powrprof.dll
0x00007fffe9930000 - 0x00007fffe9941000 	C:\WINDOWS\System32\kernel.appcore.dll
0x00007fffe9ff0000 - 0x00007fffea007000 	C:\WINDOWS\System32\cryptsp.dll

VM Arguments:
jvm_args: -Dcom.android.sdklib.toolsdir=C:\Tools\AndroidSDK\tools\bin\\.. 
java_command: com.android.sdklib.tool.sdkmanager.SdkManagerCli --list
java_class_path (initial): C:\Tools\AndroidSDK\tools\bin\..\lib\dvlib-26.0.0-dev.jar;C:\Tools\AndroidSDK\tools\bin\..\lib\jimfs-1.1.jar;C:\Tools\AndroidSDK\tools\bin\..\lib\jsr305-1.3.9.jar;C:\Tools\AndroidSDK\tools\bin\..\lib\repository-26.0.0-dev.jar;C:\Tools\AndroidSDK\tools\bin\..\lib\j2objc-annotations-1.1.jar;C:\Tools\AndroidSDK\tools\bin\..\lib\layoutlib-api-26.0.0-dev.jar;C:\Tools\AndroidSDK\tools\bin\..\lib\gson-2.3.jar;C:\Tools\AndroidSDK\tools\bin\..\lib\httpcore-4.2.5.jar;C:\Tools\AndroidSDK\tools\bin\..\lib\commons-logging-1.1.1.jar;C:\Tools\AndroidSDK\tools\bin\..\lib\commons-compress-1.12.jar;C:\Tools\AndroidSDK\tools\bin\..\lib\annotations-26.0.0-dev.jar;C:\Tools\AndroidSDK\tools\bin\..\lib\error_prone_annotations-2.0.18.jar;C:\Tools\AndroidSDK\tools\bin\..\lib\animal-sniffer-annotations-1.14.jar;C:\Tools\AndroidSDK\tools\bin\..\lib\httpclient-4.2.6.jar;C:\Tools\AndroidSDK\tools\bin\..\lib\commons-codec-1.6.jar;C:\Tools\AndroidSDK\tools\bin\..\lib\common-26.0.0-dev.jar;C:\Tools\AndroidSDK\tools\bin\..\lib\kxml2-2.3.0.jar;C:\Tools\AndroidSDK\tools\bin\..\lib\httpmime-4.1.jar;C:\Tools\AndroidSDK\tools\bin\..\lib\annotations-12.0.jar;C:\Tools\AndroidSDK\tools\bin\..\lib\sdklib-26.0.0-dev.jar;C:\Tools\AndroidSDK\tools\bin\..\lib\guava-22.0.jar
Launcher Type: SUN_STANDARD

Environment Variables:
JAVA_HOME=C:/Program Files/Android/jdk/microsoft_dist_openjdk_1.8.0.25
CLASSPATH=C:\Tools\AndroidSDK\tools\bin\..\lib\dvlib-26.0.0-dev.jar;C:\Tools\AndroidSDK\tools\bin\..\lib\jimfs-1.1.jar;C:\Tools\AndroidSDK\tools\bin\..\lib\jsr305-1.3.9.jar;C:\Tools\AndroidSDK\tools\bin\..\lib\repository-26.0.0-dev.jar;C:\Tools\AndroidSDK\tools\bin\..\lib\j2objc-annotations-1.1.jar;C:\Tools\AndroidSDK\tools\bin\..\lib\layoutlib-api-26.0.0-dev.jar;C:\Tools\AndroidSDK\tools\bin\..\lib\gson-2.3.jar;C:\Tools\AndroidSDK\tools\bin\..\lib\httpcore-4.2.5.jar;C:\Tools\AndroidSDK\tools\bin\..\lib\commons-logging-1.1.1.jar;C:\Tools\AndroidSDK\tools\bin\..\lib\commons-compress-1.12.jar;C:\Tools\AndroidSDK\tools\bin\..\lib\annotations-26.0.0-dev.jar;C:\Tools\AndroidSDK\tools\bin\..\lib\error_prone_annotations-2.0.18.jar;C:\Tools\AndroidSDK\tools\bin\..\lib\animal-sniffer-annotations-1.14.jar;C:\Tools\AndroidSDK\tools\bin\..\lib\httpclient-4.2.6.jar;C:\Tools\AndroidSDK\tools\bin\..\lib\commons-codec-1.6.jar;C:\Tools\AndroidSDK\tools\bin\..\lib\common-26.0.0-dev.jar;C:\Tools\AndroidSDK\tools\bin\..\lib\kxml2-2.3.0.jar;C:\Tools\AndroidSDK\tools\bin\..\lib\httpmime-4.1.jar;C:\Tools\AndroidSDK\tools\bin\..\lib\annotations-12.0.jar;C:\Tools\AndroidSDK\tools\bin\..\lib\sdklib-26.0.0-dev.jar;C:\Tools\AndroidSDK\tools\bin\..\lib\guava-22.0.jar
PATH=C:\Program Files\Oculus\Support\oculus-runtime;C:\Python38-32\Scripts\;C:\Python38-32\;C:\ProgramData\Oracle\Java\javapath;C:\Windows\system32;C:\Windows;C:\Windows\System32\Wbem;C:\Windows\System32\WindowsPowerShell\v1.0\;C:\Program Files (x86)\NVIDIA Corporation\PhysX\Common;C:\Program Files\dotnet\;C:\Program Files\Microsoft SQL Server\130\Tools\Binn\;C:\Program Files\NVIDIA Corporation\NVIDIA NvDLISR;C:\Program Files (x86)\Yarn\bin\;C:\ProgramData\chocolatey\bin;C:\Program Files (x86)\Microsoft SQL Server\150\DTS\Binn\;C:\Program Files\nodejs\;C:\Program Files (x86)\Windows Kits\10\Windows Performance Toolkit\;C:\Program Files (x86)\GtkSharp\2.12\bin;C:\Tools\AndroidSDK\platform-tools;C:\Program Files (x86)\Enterprise Vault\EVClient\x64\;C:\WINDOWS\system32;C:\WINDOWS;C:\WINDOWS\System32\Wbem;C:\WINDOWS\System32\WindowsPowerShell\v1.0\;C:\WINDOWS\System32\OpenSSH\;C:\Program Files\WinMerge;C:\Tools\swigwin-4.0.1;C:\Program Files (x86)\netCDF 4.7.3\bin;C:\Program Files\Microsoft SQL Server\Client SDK\ODBC\170\Tools\Binn\;C:\Program Files (x86)\dotnet\;C:\Program Files\Git\cmd;C:\Program Files\Docker\Docker\resources\bin;C:\ProgramData\DockerDesktop\version-bin;C:\Python38-32\Scripts\;C:\Python38-32\;C:\Users\e617108\AppData\Local\Microsoft\WindowsApps;C:\Users\e617108\AppData\Local\Programs\Microsoft VS Code\bin;C:\Users\e617108\.dotnet\tools;C:\Users\e617108\AppData\Local\Yarn\bin;C:\Users\e617108\AppData\Roaming\npm;C:\Personale\AndroidDev\git-repo;C:\Users\e617108\AppData\Local\Microsoft\WindowsApps;C:\Projects\gromacs\gromacs\bin
USERNAME=E617108
OS=Windows_NT
PROCESSOR_IDENTIFIER=Intel64 Family 6 Model 158 Stepping 9, GenuineIntel



---------------  S Y S T E M  ---------------

OS: Windows 10.0 , 64 bit Build 17763 (10.0.17763.1158)

CPU:total 8 (initial active 8) (4 cores per cpu, 2 threads per core) family 6 model 158 stepping 9, cmov, cx8, fxsr, mmx, sse, sse2, sse3, ssse3, sse4.1, sse4.2, popcnt, avx, avx2, aes, clmul, erms, 3dnowpref, lzcnt, ht, tsc, tscinvbit, bmi1, bmi2, adx

Memory: 4k page, physical 33506088k(12670656k free), swap 38611752k(2232k free)

vm_info: OpenJDK 64-Bit Server VM (25.71-b00) for windows-amd64 JRE (1.8.0-25-microsoft-b00), built on Feb  7 2019 20:09:14 by "builder" with MS VC++ 10.0 (VS2010)

time: Tue May 26 22:34:49 2020
timezone: GTB Daylight Time
elapsed time: 1 seconds (0d 0h 0m 1s)

